#
# A fatal error has been detected by the Java Runtime Environment:
#
#  Internal Error (javaClasses.cpp:136), pid=3480, tid=7140
#  fatal error: Invalid layout of preloaded class
#
# JRE version:  (7.0_65-b19) (build )
# Java VM: Java HotSpot(TM) 64-Bit Server VM (24.65-b04 mixed mode windows-amd64 compressed oops)
# Failed to write core dump. Minidumps are not enabled by default on client versions of Windows
#
# If you would like to submit a bug report, please visit:
#   http://bugreport.sun.com/bugreport/crash.jsp
#

---------------  T H R E A D  ---------------

Current thread (0x000000000218e800):  JavaThread "Unknown thread" [_thread_in_vm, id=7140, stack(0x0000000002350000,0x0000000002450000)]

Stack: [0x0000000002350000,0x0000000002450000]
[error occurred during error reporting (printing stack bounds), id 0xc0000005]


---------------  P R O C E S S  ---------------

Java Threads: ( => current thread )

Other Threads:

=>0x000000000218e800 (exited) JavaThread "Unknown thread" [_thread_in_vm, id=7140, stack(0x0000000002350000,0x0000000002450000)]

VM state:not at safepoint (not fully initialized)

VM Mutex/Monitor currently owned by a thread: None

GC Heap History (0 events):
No events

Deoptimization events (0 events):
No events

Internal exceptions (0 events):
No events

Events (10 events):
Event: 0.009 loading class 0x000000000ae50760 done
Event: 0.009 loading class 0x000000000ae50180 done
Event: 0.009 loading class 0x000000000ae50160
Event: 0.009 loading class 0x000000000ae582c0
Event: 0.009 loading class 0x000000000ae582c0 done
Event: 0.009 loading class 0x000000000ae582f0
Event: 0.009 loading class 0x000000000ae582f0 done
Event: 0.009 loading class 0x000000000ae58320
Event: 0.009 loading class 0x000000000ae58320 done
Event: 0.009 loading class 0x000000000ae50160 done


Dynamic libraries:
0x000000013ff50000 - 0x000000013ff83000 	C:\Program Files\Java\jre7\bin\javaw.exe
0x0000000076d70000 - 0x0000000076f19000 	C:\Windows\SYSTEM32\ntdll.dll
0x0000000076b50000 - 0x0000000076c6f000 	C:\Windows\system32\kernel32.dll
0x000007fefcdf0000 - 0x000007fefce5b000 	C:\Windows\system32\KERNELBASE.dll
0x000007fefea50000 - 0x000007fefeb2b000 	C:\Windows\system32\ADVAPI32.dll
0x000007fefe300000 - 0x000007fefe39f000 	C:\Windows\system32\msvcrt.dll
0x000007fefd090000 - 0x000007fefd0af000 	C:\Windows\SYSTEM32\sechost.dll
0x000007fefee40000 - 0x000007fefef6d000 	C:\Windows\system32\RPCRT4.dll
0x0000000076c70000 - 0x0000000076d6a000 	C:\Windows\system32\USER32.dll
0x000007fefe910000 - 0x000007fefe977000 	C:\Windows\system32\GDI32.dll
0x000007fefefa0000 - 0x000007fefefae000 	C:\Windows\system32\LPK.dll
0x000007fefefb0000 - 0x000007feff079000 	C:\Windows\system32\USP10.dll
0x000007fefb6c0000 - 0x000007fefb8b4000 	C:\Windows\WinSxS\amd64_microsoft.windows.common-controls_6595b64144ccf1df_6.0.7601.17514_none_fa396087175ac9ac\COMCTL32.dll
0x000007fefe9d0000 - 0x000007fefea41000 	C:\Windows\system32\SHLWAPI.dll
0x000007fefef70000 - 0x000007fefef9e000 	C:\Windows\system32\IMM32.DLL
0x000007fefd250000 - 0x000007fefd359000 	C:\Windows\system32\MSCTF.dll
0x000007fefcc80000 - 0x000007fefccb2000 	C:\Windows\system32\nvinitx.dll
0x0000000055c20000 - 0x0000000055cf2000 	C:\Program Files\Java\jre7\bin\msvcr100.dll
0x0000000055370000 - 0x0000000055b42000 	C:\Program Files\Java\jre7\bin\server\jvm.dll
0x000007fef6e80000 - 0x000007fef6e89000 	C:\Windows\system32\WSOCK32.dll
0x000007fefe980000 - 0x000007fefe9cd000 	C:\Windows\system32\WS2_32.dll
0x000007fefe600000 - 0x000007fefe608000 	C:\Windows\system32\NSI.dll
0x000007fefb0f0000 - 0x000007fefb12b000 	C:\Windows\system32\WINMM.dll
0x0000000076f30000 - 0x0000000076f37000 	C:\Windows\system32\PSAPI.DLL
0x0000000074810000 - 0x000000007481f000 	C:\Program Files\Java\jre7\bin\verify.dll
0x0000000056880000 - 0x00000000568a8000 	C:\Program Files\Java\jre7\bin\java.dll
0x00000000550d0000 - 0x0000000055105000 	C:\Program Files\Java\jre7\bin\jdwp.dll
0x0000000056810000 - 0x0000000056818000 	C:\Program Files\Java\jre7\bin\npt.dll
0x00000000561c0000 - 0x00000000561d5000 	C:\Program Files\Java\jre7\bin\zip.dll

VM Arguments:
jvm_args: -agentlib:jdwp=transport=dt_socket,suspend=y,address=localhost:51436 -Dfile.encoding=Cp1250 -Xbootclasspath:C:\develop\adt-bundle-windows-x86_64-20140702\sdk\platforms\android-20\android.jar 
java_command: com.nex.gamebook.entity.Story
Launcher Type: SUN_STANDARD

Environment Variables:
PATH=C:\Windows\system32;C:\Windows;C:\Windows\System32\Wbem;C:\Windows\System32\WindowsPowerShell\v1.0\;C:\Program Files\TortoiseGit\bin;.;;.;;.;;.;
USERNAME=TremlL
OS=Windows_NT
PROCESSOR_IDENTIFIER=Intel64 Family 6 Model 42 Stepping 7, GenuineIntel



---------------  S Y S T E M  ---------------

OS: Windows 7 , 64 bit Build 7601 Service Pack 1

CPU:total 8 (4 cores per cpu, 2 threads per core) family 6 model 42 stepping 7, cmov, cx8, fxsr, mmx, sse, sse2, sse3, ssse3, sse4.1, sse4.2, popcnt, avx, aes, ht, tsc, tscinvbit

Memory: 4k page, physical 8266644k(3546260k free), swap 16531428k(9952648k free)

vm_info: Java HotSpot(TM) 64-Bit Server VM (24.65-b04) for windows-amd64 JRE (1.7.0_65-b19), built on Jul  9 2014 17:47:07 by "java_re" with unknown MS VC++:1600

time: Thu Aug 07 16:07:17 2014
elapsed time: 0 seconds

